# JRE version: OpenJDK Runtime Environment (11.0.1+13) (build 11.0.1+13-Ubuntu-3ubuntu3.18.10.1)
# Java VM: OpenJDK 64-Bit Server VM (11.0.1+13-Ubuntu-3ubuntu3.18.10.1, mixed mode, sharing, tiered, compressed oops, g1 gc, linux-amd64)
Heap:
 garbage-first heap   total 129024K, used 52250K [0x0000000084800000, 0x0000000100000000)
  region size 1024K, 46 young (47104K), 4 survivors (4096K)
 Metaspace       used 20295K, capacity 20909K, committed 21120K, reserved 1067008K
  class space    used 2564K, capacity 2836K, committed 2944K, reserved 1048576K
GC Heap History (8 events):
Event: 0.252 GC heap before
{Heap before GC invocations=0 (full 0):
 garbage-first heap   total 129024K, used 15992K [0x0000000084800000, 0x0000000100000000)
  region size 1024K, 14 young (14336K), 0 survivors (0K)
 Metaspace       used 2738K, capacity 5745K, committed 6016K, reserved 1056768K
  class space    used 285K, capacity 574K, committed 640K, reserved 1048576K
}
Event: 0.263 GC heap after
{Heap after GC invocations=1 (full 0):
 garbage-first heap   total 129024K, used 6684K [0x0000000084800000, 0x0000000100000000)
  region size 1024K, 2 young (2048K), 2 survivors (2048K)
 Metaspace       used 2738K, capacity 5745K, committed 6016K, reserved 1056768K
  class space    used 285K, capacity 574K, committed 640K, reserved 1048576K
}
Event: 0.393 GC heap before
{Heap before GC invocations=1 (full 0):
 garbage-first heap   total 129024K, used 15900K [0x0000000084800000, 0x0000000100000000)
  region size 1024K, 11 young (11264K), 2 survivors (2048K)
 Metaspace       used 4437K, capacity 6793K, committed 7040K, reserved 1056768K
  class space    used 534K, capacity 782K, committed 896K, reserved 1048576K
}
Event: 0.403 GC heap after
{Heap after GC invocations=2 (full 0):
 garbage-first heap   total 129024K, used 7357K [0x0000000084800000, 0x0000000100000000)
  region size 1024K, 1 young (1024K), 1 survivors (1024K)
 Metaspace       used 4437K, capacity 6793K, committed 7040K, reserved 1056768K
  class space    used 534K, capacity 782K, committed 896K, reserved 1048576K
}
Event: 0.563 GC heap before
{Heap before GC invocations=2 (full 0):
 garbage-first heap   total 129024K, used 35005K [0x0000000084800000, 0x0000000100000000)
  region size 1024K, 28 young (28672K), 1 survivors (1024K)
 Metaspace       used 9240K, capacity 10369K, committed 10624K, reserved 1058816K
  class space    used 1260K, capacity 1400K, committed 1408K, reserved 1048576K
}
Event: 0.565 GC heap after
{Heap after GC invocations=3 (full 0):
 garbage-first heap   total 129024K, used 8831K [0x0000000084800000, 0x0000000100000000)
  region size 1024K, 3 young (3072K), 3 survivors (3072K)
 Metaspace       used 9240K, capacity 10369K, committed 10624K, reserved 1058816K
  class space    used 1260K, capacity 1400K, committed 1408K, reserved 1048576K
}
Event: 0.853 GC heap before
{Heap before GC invocations=3 (full 0):
 garbage-first heap   total 129024K, used 48767K [0x0000000084800000, 0x0000000100000000)
  region size 1024K, 43 young (44032K), 3 survivors (3072K)
 Metaspace       used 17719K, capacity 18216K, committed 18432K, reserved 1064960K
  class space    used 2300K, capacity 2473K, committed 2560K, reserved 1048576K
}
Event: 0.862 GC heap after
{Heap after GC invocations=4 (full 0):
 garbage-first heap   total 129024K, used 10266K [0x0000000084800000, 0x0000000100000000)
  region size 1024K, 4 young (4096K), 4 survivors (4096K)
 Metaspace       used 17719K, capacity 18216K, committed 18432K, reserved 1064960K
  class space    used 2300K, capacity 2473K, committed 2560K, reserved 1048576K
}

