# JRE version: OpenJDK Runtime Environment (11.0.1+13) (build 11.0.1+13-Ubuntu-3ubuntu3.18.10.1)
# Java VM: OpenJDK 64-Bit Server VM (11.0.1+13-Ubuntu-3ubuntu3.18.10.1, mixed mode, sharing, tiered, compressed oops, g1 gc, linux-amd64)
Heap:
 garbage-first heap   total 239616K, used 137689K [0x0000000084800000, 0x0000000100000000)
  region size 1024K, 113 young (115712K), 6 survivors (6144K)
 Metaspace       used 64186K, capacity 65732K, committed 66040K, reserved 1105920K
  class space    used 8581K, capacity 9186K, committed 9292K, reserved 1048576K
GC Heap History (10 events):
Event: 1.760 GC heap before
{Heap before GC invocations=4 (full 0):
 garbage-first heap   total 129024K, used 55062K [0x0000000084800000, 0x0000000100000000)
  region size 1024K, 49 young (50176K), 4 survivors (4096K)
 Metaspace       used 20395K, capacity 21034K, committed 21376K, reserved 1067008K
  class space    used 2579K, capacity 2836K, committed 2944K, reserved 1048576K
}
Event: 1.780 GC heap after
{Heap after GC invocations=5 (full 0):
 garbage-first heap   total 188416K, used 13471K [0x0000000084800000, 0x0000000100000000)
  region size 1024K, 7 young (7168K), 7 survivors (7168K)
 Metaspace       used 20395K, capacity 21034K, committed 21376K, reserved 1067008K
  class space    used 2579K, capacity 2836K, committed 2944K, reserved 1048576K
}
Event: 2.845 GC heap before
{Heap before GC invocations=6 (full 0):
 garbage-first heap   total 188416K, used 108703K [0x0000000084800000, 0x0000000100000000)
  region size 1024K, 101 young (103424K), 7 survivors (7168K)
 Metaspace       used 25911K, capacity 26761K, committed 27008K, reserved 1073152K
  class space    used 3297K, capacity 3644K, committed 3712K, reserved 1048576K
}
Event: 2.854 GC heap after
{Heap after GC invocations=7 (full 0):
 garbage-first heap   total 188416K, used 16103K [0x0000000084800000, 0x0000000100000000)
  region size 1024K, 10 young (10240K), 10 survivors (10240K)
 Metaspace       used 25911K, capacity 26761K, committed 27008K, reserved 1073152K
  class space    used 3297K, capacity 3644K, committed 3712K, reserved 1048576K
}
Event: 3.819 GC heap before
{Heap before GC invocations=7 (full 0):
 garbage-first heap   total 188416K, used 117479K [0x0000000084800000, 0x0000000100000000)
  region size 1024K, 110 young (112640K), 10 survivors (10240K)
 Metaspace       used 34342K, capacity 35375K, committed 35456K, reserved 1079296K
  class space    used 4319K, capacity 4731K, committed 4736K, reserved 1048576K
}
Event: 3.833 GC heap after
{Heap after GC invocations=8 (full 0):
 garbage-first heap   total 188416K, used 24131K [0x0000000084800000, 0x0000000100000000)
  region size 1024K, 14 young (14336K), 14 survivors (14336K)
 Metaspace       used 34342K, capacity 35375K, committed 35456K, reserved 1079296K
  class space    used 4319K, capacity 4731K, committed 4736K, reserved 1048576K
}
Event: 3.842 GC heap before
{Heap before GC invocations=8 (full 0):
 garbage-first heap   total 188416K, used 24131K [0x0000000084800000, 0x0000000100000000)
  region size 1024K, 15 young (15360K), 14 survivors (14336K)
 Metaspace       used 34637K, capacity 35570K, committed 35628K, reserved 1081344K
  class space    used 4344K, capacity 4732K, committed 4736K, reserved 1048576K
}
Event: 3.852 GC heap after
{Heap after GC invocations=9 (full 0):
 garbage-first heap   total 188416K, used 25776K [0x0000000084800000, 0x0000000100000000)
  region size 1024K, 2 young (2048K), 2 survivors (2048K)
 Metaspace       used 34637K, capacity 35570K, committed 35628K, reserved 1081344K
  class space    used 4344K, capacity 4732K, committed 4736K, reserved 1048576K
}
Event: 5.602 GC heap before
{Heap before GC invocations=10 (full 0):
 garbage-first heap   total 188416K, used 117936K [0x0000000084800000, 0x0000000100000000)
  region size 1024K, 92 young (94208K), 2 survivors (2048K)
 Metaspace       used 52997K, capacity 54277K, committed 54648K, reserved 1095680K
  class space    used 7078K, capacity 7546K, committed 7628K, reserved 1048576K
}
Event: 5.615 GC heap after
{Heap after GC invocations=11 (full 0):
 garbage-first heap   total 239616K, used 29145K [0x0000000084800000, 0x0000000100000000)
  region size 1024K, 6 young (6144K), 6 survivors (6144K)
 Metaspace       used 52997K, capacity 54277K, committed 54648K, reserved 1095680K
  class space    used 7078K, capacity 7546K, committed 7628K, reserved 1048576K
}

